# JRE version: Java(TM) SE Runtime Environment (7.0_79-b15) (build 1.7.0_79-b15)
# Java VM: Java HotSpot(TM) 64-Bit Server VM (24.79-b02 mixed mode windows-amd64 compressed oops)
Heap
 PSYoungGen      total 113152K, used 34918K [0x00000000eaa80000, 0x00000000f5c80000, 0x0000000100000000)
  eden space 77824K, 7% used [0x00000000eaa80000,0x00000000eb0754a8,0x00000000ef680000)
  from space 35328K, 81% used [0x00000000ef680000,0x00000000f12a4360,0x00000000f1900000)
  to   space 40448K, 0% used [0x00000000f3500000,0x00000000f3500000,0x00000000f5c80000)
 ParOldGen       total 136704K, used 77512K [0x00000000c0000000, 0x00000000c8580000, 0x00000000eaa80000)
  object space 136704K, 56% used [0x00000000c0000000,0x00000000c4bb2058,0x00000000c8580000)
 PSPermGen       total 36352K, used 16161K [0x00000000bae00000, 0x00000000bd180000, 0x00000000c0000000)
  object space 36352K, 44% used [0x00000000bae00000,0x00000000bbdc86b0,0x00000000bd180000)
GC Heap History (10 events):
Event: 9.952 GC heap before
{Heap before GC invocations=9 (full 0):
 PSYoungGen      total 74240K, used 74230K [0x00000000eaa80000, 0x00000000f0c80000, 0x0000000100000000)
  eden space 58880K, 100% used [0x00000000eaa80000,0x00000000ee400000,0x00000000ee400000)
  from space 15360K, 99% used [0x00000000ef680000,0x00000000f057d9e8,0x00000000f0580000)
  to   space 18944K, 0% used [0x00000000ee400000,0x00000000ee400000,0x00000000ef680000)
 ParOldGen       total 39424K, used 25284K [0x00000000c0000000, 0x00000000c2680000, 0x00000000eaa80000)
  object space 39424K, 64% used [0x00000000c0000000,0x00000000c18b1018,0x00000000c2680000)
 PSPermGen       total 21504K, used 16044K [0x00000000bae00000, 0x00000000bc300000, 0x00000000c0000000)
  object space 21504K, 74% used [0x00000000bae00000,0x00000000bbdab140,0x00000000bc300000)
Event: 9.986 GC heap after
Heap after GC invocations=9 (full 0):
 PSYoungGen      total 77824K, used 18929K [0x00000000eaa80000, 0x00000000f3b80000, 0x0000000100000000)
  eden space 58880K, 0% used [0x00000000eaa80000,0x00000000eaa80000,0x00000000ee400000)
  from space 18944K, 99% used [0x00000000ee400000,0x00000000ef67c5d8,0x00000000ef680000)
  to   space 27136K, 0% used [0x00000000f2100000,0x00000000f2100000,0x00000000f3b80000)
 ParOldGen       total 39424K, used 38233K [0x00000000c0000000, 0x00000000c2680000, 0x00000000eaa80000)
  object space 39424K, 96% used [0x00000000c0000000,0x00000000c25565f0,0x00000000c2680000)
 PSPermGen       total 21504K, used 16044K [0x00000000bae00000, 0x00000000bc300000, 0x00000000c0000000)
  object space 21504K, 74% used [0x00000000bae00000,0x00000000bbdab140,0x00000000bc300000)
}
Event: 9.986 GC heap before
{Heap before GC invocations=10 (full 1):
 PSYoungGen      total 77824K, used 18929K [0x00000000eaa80000, 0x00000000f3b80000, 0x0000000100000000)
  eden space 58880K, 0% used [0x00000000eaa80000,0x00000000eaa80000,0x00000000ee400000)
  from space 18944K, 99% used [0x00000000ee400000,0x00000000ef67c5d8,0x00000000ef680000)
  to   space 27136K, 0% used [0x00000000f2100000,0x00000000f2100000,0x00000000f3b80000)
 ParOldGen       total 39424K, used 38233K [0x00000000c0000000, 0x00000000c2680000, 0x00000000eaa80000)
  object space 39424K, 96% used [0x00000000c0000000,0x00000000c25565f0,0x00000000c2680000)
 PSPermGen       total 21504K, used 16044K [0x00000000bae00000, 0x00000000bc300000, 0x00000000c0000000)
  object space 21504K, 74% used [0x00000000bae00000,0x00000000bbdab140,0x00000000bc300000)
Event: 10.299 GC heap after
Heap after GC invocations=10 (full 1):
 PSYoungGen      total 77824K, used 12580K [0x00000000eaa80000, 0x00000000f3b80000, 0x0000000100000000)
  eden space 58880K, 0% used [0x00000000eaa80000,0x00000000eaa80000,0x00000000ee400000)
  from space 18944K, 66% used [0x00000000ee400000,0x00000000ef0493a0,0x00000000ef680000)
  to   space 27136K, 0% used [0x00000000f2100000,0x00000000f2100000,0x00000000f3b80000)
 ParOldGen       total 75776K, used 39349K [0x00000000c0000000, 0x00000000c4a00000, 0x00000000eaa80000)
  object space 75776K, 51% used [0x00000000c0000000,0x00000000c266d4f0,0x00000000c4a00000)
 PSPermGen       total 32256K, used 16038K [0x00000000bae00000, 0x00000000bcd80000, 0x00000000c0000000)
  object space 32256K, 49% used [0x00000000bae00000,0x00000000bbda9b70,0x00000000bcd80000)
}
Event: 13.854 GC heap before
{Heap before GC invocations=11 (full 1):
 PSYoungGen      total 77824K, used 71460K [0x00000000eaa80000, 0x00000000f3b80000, 0x0000000100000000)
  eden space 58880K, 100% used [0x00000000eaa80000,0x00000000ee400000,0x00000000ee400000)
  from space 18944K, 66% used [0x00000000ee400000,0x00000000ef0493a0,0x00000000ef680000)
  to   space 27136K, 0% used [0x00000000f2100000,0x00000000f2100000,0x00000000f3b80000)
 ParOldGen       total 75776K, used 39349K [0x00000000c0000000, 0x00000000c4a00000, 0x00000000eaa80000)
  object space 75776K, 51% used [0x00000000c0000000,0x00000000c266d4f0,0x00000000c4a00000)
 PSPermGen       total 32256K, used 16111K [0x00000000bae00000, 0x00000000bcd80000, 0x00000000c0000000)
  object space 32256K, 49% used [0x00000000bae00000,0x00000000bbdbbfe8,0x00000000bcd80000)
Event: 13.894 GC heap after
Heap after GC invocations=11 (full 1):
 PSYoungGen      total 103936K, used 27130K [0x00000000eaa80000, 0x00000000f3b80000, 0x0000000100000000)
  eden space 76800K, 0% used [0x00000000eaa80000,0x00000000eaa80000,0x00000000ef580000)
  from space 27136K, 99% used [0x00000000f2100000,0x00000000f3b7ebf0,0x00000000f3b80000)
  to   space 35328K, 0% used [0x00000000ef680000,0x00000000ef680000,0x00000000f1900000)
 ParOldGen       total 75776K, used 50531K [0x00000000c0000000, 0x00000000c4a00000, 0x00000000eaa80000)
  object space 75776K, 66% used [0x00000000c0000000,0x00000000c3158f08,0x00000000c4a00000)
 PSPermGen       total 32256K, used 16111K [0x00000000bae00000, 0x00000000bcd80000, 0x00000000c0000000)
  object space 32256K, 49% used [0x00000000bae00000,0x00000000bbdbbfe8,0x00000000bcd80000)
}
Event: 15.213 GC heap before
{Heap before GC invocations=12 (full 1):
 PSYoungGen      total 103936K, used 103930K [0x00000000eaa80000, 0x00000000f3b80000, 0x0000000100000000)
  eden space 76800K, 100% used [0x00000000eaa80000,0x00000000ef580000,0x00000000ef580000)
  from space 27136K, 99% used [0x00000000f2100000,0x00000000f3b7ebf0,0x00000000f3b80000)
  to   space 35328K, 0% used [0x00000000ef680000,0x00000000ef680000,0x00000000f1900000)
 ParOldGen       total 75776K, used 50531K [0x00000000c0000000, 0x00000000c4a00000, 0x00000000eaa80000)
  object space 75776K, 66% used [0x00000000c0000000,0x00000000c3158f08,0x00000000c4a00000)
 PSPermGen       total 32256K, used 16159K [0x00000000bae00000, 0x00000000bcd80000, 0x00000000c0000000)
  object space 32256K, 50% used [0x00000000bae00000,0x00000000bbdc7f30,0x00000000bcd80000)
Event: 15.280 GC heap after
Heap after GC invocations=12 (full 1):
 PSYoungGen      total 113152K, used 33616K [0x00000000eaa80000, 0x00000000f5c80000, 0x0000000100000000)
  eden space 77824K, 0% used [0x00000000eaa80000,0x00000000eaa80000,0x00000000ef680000)
  from space 35328K, 95% used [0x00000000ef680000,0x00000000f1754030,0x00000000f1900000)
  to   space 40448K, 0% used [0x00000000f3500000,0x00000000f3500000,0x00000000f5c80000)
 ParOldGen       total 77824K, used 77512K [0x00000000c0000000, 0x00000000c4c00000, 0x00000000eaa80000)
  object space 77824K, 99% used [0x00000000c0000000,0x00000000c4bb21a0,0x00000000c4c00000)
 PSPermGen       total 32256K, used 16159K [0x00000000bae00000, 0x00000000bcd80000, 0x00000000c0000000)
  object space 32256K, 50% used [0x00000000bae00000,0x00000000bbdc7f30,0x00000000bcd80000)
}
Event: 15.281 GC heap before
{Heap before GC invocations=13 (full 2):
 PSYoungGen      total 113152K, used 33616K [0x00000000eaa80000, 0x00000000f5c80000, 0x0000000100000000)
  eden space 77824K, 0% used [0x00000000eaa80000,0x00000000eaa80000,0x00000000ef680000)
  from space 35328K, 95% used [0x00000000ef680000,0x00000000f1754030,0x00000000f1900000)
  to   space 40448K, 0% used [0x00000000f3500000,0x00000000f3500000,0x00000000f5c80000)
 ParOldGen       total 77824K, used 77512K [0x00000000c0000000, 0x00000000c4c00000, 0x00000000eaa80000)
  object space 77824K, 99% used [0x00000000c0000000,0x00000000c4bb21a0,0x00000000c4c00000)
 PSPermGen       total 32256K, used 16159K [0x00000000bae00000, 0x00000000bcd80000, 0x00000000c0000000)
  object space 32256K, 50% used [0x00000000bae00000,0x00000000bbdc7f30,0x00000000bcd80000)
Event: 15.664 GC heap after
Heap after GC invocations=13 (full 2):
 PSYoungGen      total 113152K, used 28816K [0x00000000eaa80000, 0x00000000f5c80000, 0x0000000100000000)
  eden space 77824K, 0% used [0x00000000eaa80000,0x00000000eaa80000,0x00000000ef680000)
  from space 35328K, 81% used [0x00000000ef680000,0x00000000f12a4360,0x00000000f1900000)
  to   space 40448K, 0% used [0x00000000f3500000,0x00000000f3500000,0x00000000f5c80000)
 ParOldGen       total 136704K, used 77512K [0x00000000c0000000, 0x00000000c8580000, 0x00000000eaa80000)
  object space 136704K, 56% used [0x00000000c0000000,0x00000000c4bb2058,0x00000000c8580000)
 PSPermGen       total 36352K, used 16159K [0x00000000bae00000, 0x00000000bd180000, 0x00000000c0000000)
  object space 36352K, 44% used [0x00000000bae00000,0x00000000bbdc7d50,0x00000000bd180000)
}

