# JRE version: Java(TM) SE Runtime Environment (7.0_79-b15) (build 1.7.0_79-b15)
# Java VM: Java HotSpot(TM) 64-Bit Server VM (24.79-b02 mixed mode windows-amd64 compressed oops)
Heap
 PSYoungGen      total 172032K, used 124333K [0x00000000eaa80000, 0x00000000f8e00000, 0x0000000100000000)
  eden space 120832K, 80% used [0x00000000eaa80000,0x00000000f0b4bba8,0x00000000f2080000)
  from space 51200K, 53% used [0x00000000f2080000,0x00000000f3b7c140,0x00000000f5280000)
  to   space 49664K, 0% used [0x00000000f5d80000,0x00000000f5d80000,0x00000000f8e00000)
 ParOldGen       total 182784K, used 105857K [0x00000000c0000000, 0x00000000cb280000, 0x00000000eaa80000)
  object space 182784K, 57% used [0x00000000c0000000,0x00000000c6760638,0x00000000cb280000)
 PSPermGen       total 21504K, used 10766K [0x00000000bae00000, 0x00000000bc300000, 0x00000000c0000000)
  object space 21504K, 50% used [0x00000000bae00000,0x00000000bb8838b8,0x00000000bc300000)
GC Heap History (10 events):
Event: 52.301 GC heap before
{Heap before GC invocations=30 (full 3):
 PSYoungGen      total 155648K, used 142448K [0x00000000eaa80000, 0x00000000f7f00000, 0x0000000100000000)
  eden space 101888K, 100% used [0x00000000eaa80000,0x00000000f0e00000,0x00000000f0e00000)
  from space 53760K, 75% used [0x00000000f4500000,0x00000000f6c9c190,0x00000000f7980000)
  to   space 56320K, 0% used [0x00000000f0e00000,0x00000000f0e00000,0x00000000f4500000)
 ParOldGen       total 182784K, used 101585K [0x00000000c0000000, 0x00000000cb280000, 0x00000000eaa80000)
  object space 182784K, 55% used [0x00000000c0000000,0x00000000c63345b8,0x00000000cb280000)
 PSPermGen       total 21504K, used 10215K [0x00000000bae00000, 0x00000000bc300000, 0x00000000c0000000)
  object space 21504K, 47% used [0x00000000bae00000,0x00000000bb7f9de8,0x00000000bc300000)
Event: 52.384 GC heap after
Heap after GC invocations=30 (full 3):
 PSYoungGen      total 158208K, used 31792K [0x00000000eaa80000, 0x00000000f8100000, 0x0000000100000000)
  eden space 101888K, 0% used [0x00000000eaa80000,0x00000000eaa80000,0x00000000f0e00000)
  from space 56320K, 56% used [0x00000000f0e00000,0x00000000f2d0c140,0x00000000f4500000)
  to   space 54784K, 0% used [0x00000000f4b80000,0x00000000f4b80000,0x00000000f8100000)
 ParOldGen       total 182784K, used 101585K [0x00000000c0000000, 0x00000000cb280000, 0x00000000eaa80000)
  object space 182784K, 55% used [0x00000000c0000000,0x00000000c63345b8,0x00000000cb280000)
 PSPermGen       total 21504K, used 10215K [0x00000000bae00000, 0x00000000bc300000, 0x00000000c0000000)
  object space 21504K, 47% used [0x00000000bae00000,0x00000000bb7f9de8,0x00000000bc300000)
}
Event: 54.301 GC heap before
{Heap before GC invocations=31 (full 3):
 PSYoungGen      total 158208K, used 133680K [0x00000000eaa80000, 0x00000000f8100000, 0x0000000100000000)
  eden space 101888K, 100% used [0x00000000eaa80000,0x00000000f0e00000,0x00000000f0e00000)
  from space 56320K, 56% used [0x00000000f0e00000,0x00000000f2d0c140,0x00000000f4500000)
  to   space 54784K, 0% used [0x00000000f4b80000,0x00000000f4b80000,0x00000000f8100000)
 ParOldGen       total 182784K, used 101585K [0x00000000c0000000, 0x00000000cb280000, 0x00000000eaa80000)
  object space 182784K, 55% used [0x00000000c0000000,0x00000000c63345b8,0x00000000cb280000)
 PSPermGen       total 21504K, used 10222K [0x00000000bae00000, 0x00000000bc300000, 0x00000000c0000000)
  object space 21504K, 47% used [0x00000000bae00000,0x00000000bb7fbbd0,0x00000000bc300000)
Event: 54.417 GC heap after
Heap after GC invocations=31 (full 3):
 PSYoungGen      total 163840K, used 34816K [0x00000000eaa80000, 0x00000000f8000000, 0x0000000100000000)
  eden space 110080K, 0% used [0x00000000eaa80000,0x00000000eaa80000,0x00000000f1600000)
  from space 53760K, 64% used [0x00000000f4b80000,0x00000000f6d80170,0x00000000f8000000)
  to   space 54272K, 0% used [0x00000000f1600000,0x00000000f1600000,0x00000000f4b00000)
 ParOldGen       total 182784K, used 101585K [0x00000000c0000000, 0x00000000cb280000, 0x00000000eaa80000)
  object space 182784K, 55% used [0x00000000c0000000,0x00000000c63345b8,0x00000000cb280000)
 PSPermGen       total 21504K, used 10222K [0x00000000bae00000, 0x00000000bc300000, 0x00000000c0000000)
  object space 21504K, 47% used [0x00000000bae00000,0x00000000bb7fbbd0,0x00000000bc300000)
}
Event: 56.560 GC heap before
{Heap before GC invocations=32 (full 3):
 PSYoungGen      total 163840K, used 144896K [0x00000000eaa80000, 0x00000000f8000000, 0x0000000100000000)
  eden space 110080K, 100% used [0x00000000eaa80000,0x00000000f1600000,0x00000000f1600000)
  from space 53760K, 64% used [0x00000000f4b80000,0x00000000f6d80170,0x00000000f8000000)
  to   space 54272K, 0% used [0x00000000f1600000,0x00000000f1600000,0x00000000f4b00000)
 ParOldGen       total 182784K, used 101585K [0x00000000c0000000, 0x00000000cb280000, 0x00000000eaa80000)
  object space 182784K, 55% used [0x00000000c0000000,0x00000000c63345b8,0x00000000cb280000)
 PSPermGen       total 21504K, used 10709K [0x00000000bae00000, 0x00000000bc300000, 0x00000000c0000000)
  object space 21504K, 49% used [0x00000000bae00000,0x00000000bb8757d8,0x00000000bc300000)
Event: 56.706 GC heap after
Heap after GC invocations=32 (full 3):
 PSYoungGen      total 164352K, used 32307K [0x00000000eaa80000, 0x00000000f8680000, 0x0000000100000000)
  eden space 110080K, 0% used [0x00000000eaa80000,0x00000000eaa80000,0x00000000f1600000)
  from space 54272K, 59% used [0x00000000f1600000,0x00000000f358ce90,0x00000000f4b00000)
  to   space 53248K, 0% used [0x00000000f5280000,0x00000000f5280000,0x00000000f8680000)
 ParOldGen       total 182784K, used 101585K [0x00000000c0000000, 0x00000000cb280000, 0x00000000eaa80000)
  object space 182784K, 55% used [0x00000000c0000000,0x00000000c63345b8,0x00000000cb280000)
 PSPermGen       total 21504K, used 10709K [0x00000000bae00000, 0x00000000bc300000, 0x00000000c0000000)
  object space 21504K, 49% used [0x00000000bae00000,0x00000000bb8757d8,0x00000000bc300000)
}
Event: 57.490 GC heap before
{Heap before GC invocations=33 (full 3):
 PSYoungGen      total 164352K, used 142387K [0x00000000eaa80000, 0x00000000f8680000, 0x0000000100000000)
  eden space 110080K, 100% used [0x00000000eaa80000,0x00000000f1600000,0x00000000f1600000)
  from space 54272K, 59% used [0x00000000f1600000,0x00000000f358ce90,0x00000000f4b00000)
  to   space 53248K, 0% used [0x00000000f5280000,0x00000000f5280000,0x00000000f8680000)
 ParOldGen       total 182784K, used 101585K [0x00000000c0000000, 0x00000000cb280000, 0x00000000eaa80000)
  object space 182784K, 55% used [0x00000000c0000000,0x00000000c63345b8,0x00000000cb280000)
 PSPermGen       total 21504K, used 10734K [0x00000000bae00000, 0x00000000bc300000, 0x00000000c0000000)
  object space 21504K, 49% used [0x00000000bae00000,0x00000000bb87baa0,0x00000000bc300000)
Event: 57.654 GC heap after
Heap after GC invocations=33 (full 3):
 PSYoungGen      total 172544K, used 31024K [0x00000000eaa80000, 0x00000000f8500000, 0x0000000100000000)
  eden space 120832K, 0% used [0x00000000eaa80000,0x00000000eaa80000,0x00000000f2080000)
  from space 51712K, 59% used [0x00000000f5280000,0x00000000f70cc120,0x00000000f8500000)
  to   space 51200K, 0% used [0x00000000f2080000,0x00000000f2080000,0x00000000f5280000)
 ParOldGen       total 182784K, used 102377K [0x00000000c0000000, 0x00000000cb280000, 0x00000000eaa80000)
  object space 182784K, 56% used [0x00000000c0000000,0x00000000c63fa5c8,0x00000000cb280000)
 PSPermGen       total 21504K, used 10734K [0x00000000bae00000, 0x00000000bc300000, 0x00000000c0000000)
  object space 21504K, 49% used [0x00000000bae00000,0x00000000bb87baa0,0x00000000bc300000)
}
Event: 58.873 GC heap before
{Heap before GC invocations=34 (full 3):
 PSYoungGen      total 172544K, used 151856K [0x00000000eaa80000, 0x00000000f8500000, 0x0000000100000000)
  eden space 120832K, 100% used [0x00000000eaa80000,0x00000000f2080000,0x00000000f2080000)
  from space 51712K, 59% used [0x00000000f5280000,0x00000000f70cc120,0x00000000f8500000)
  to   space 51200K, 0% used [0x00000000f2080000,0x00000000f2080000,0x00000000f5280000)
 ParOldGen       total 182784K, used 102377K [0x00000000c0000000, 0x00000000cb280000, 0x00000000eaa80000)
  object space 182784K, 56% used [0x00000000c0000000,0x00000000c63fa5c8,0x00000000cb280000)
 PSPermGen       total 21504K, used 10756K [0x00000000bae00000, 0x00000000bc300000, 0x00000000c0000000)
  object space 21504K, 50% used [0x00000000bae00000,0x00000000bb881188,0x00000000bc300000)
Event: 59.026 GC heap after
Heap after GC invocations=34 (full 3):
 PSYoungGen      total 172032K, used 27632K [0x00000000eaa80000, 0x00000000f8e00000, 0x0000000100000000)
  eden space 120832K, 0% used [0x00000000eaa80000,0x00000000eaa80000,0x00000000f2080000)
  from space 51200K, 53% used [0x00000000f2080000,0x00000000f3b7c140,0x00000000f5280000)
  to   space 49664K, 0% used [0x00000000f5d80000,0x00000000f5d80000,0x00000000f8e00000)
 ParOldGen       total 182784K, used 105857K [0x00000000c0000000, 0x00000000cb280000, 0x00000000eaa80000)
  object space 182784K, 57% used [0x00000000c0000000,0x00000000c6760638,0x00000000cb280000)
 PSPermGen       total 21504K, used 10756K [0x00000000bae00000, 0x00000000bc300000, 0x00000000c0000000)
  object space 21504K, 50% used [0x00000000bae00000,0x00000000bb881188,0x00000000bc300000)
}

