# JRE version: Java(TM) SE Runtime Environment (7.0_79-b15) (build 1.7.0_79-b15)
# Java VM: Java HotSpot(TM) 64-Bit Server VM (24.79-b02 mixed mode windows-amd64 compressed oops)
Heap
 PSYoungGen      total 233472K, used 102370K [0x00000000eaa80000, 0x0000000100000000, 0x0000000100000000)
  eden space 117248K, 47% used [0x00000000eaa80000,0x00000000ee1633a0,0x00000000f1d00000)
  from space 116224K, 39% used [0x00000000f1d00000,0x00000000f4a15808,0x00000000f8e80000)
  to   space 116224K, 0% used [0x00000000f8e80000,0x00000000f8e80000,0x0000000100000000)
 ParOldGen       total 369152K, used 73308K [0x00000000c0000000, 0x00000000d6880000, 0x00000000eaa80000)
  object space 369152K, 19% used [0x00000000c0000000,0x00000000c4797100,0x00000000d6880000)
 PSPermGen       total 27648K, used 22286K [0x00000000bae00000, 0x00000000bc900000, 0x00000000c0000000)
  object space 27648K, 80% used [0x00000000bae00000,0x00000000bc3c38f8,0x00000000bc900000)
GC Heap History (10 events):
Event: 93.510 GC heap before
{Heap before GC invocations=40 (full 11):
 PSYoungGen      total 233472K, used 117248K [0x00000000eaa80000, 0x0000000100000000, 0x0000000100000000)
  eden space 117248K, 100% used [0x00000000eaa80000,0x00000000f1d00000,0x00000000f1d00000)
  from space 116224K, 0% used [0x00000000f1d00000,0x00000000f1d00000,0x00000000f8e80000)
  to   space 116224K, 0% used [0x00000000f8e80000,0x00000000f8e80000,0x0000000100000000)
 ParOldGen       total 369152K, used 369037K [0x00000000c0000000, 0x00000000d6880000, 0x00000000eaa80000)
  object space 369152K, 99% used [0x00000000c0000000,0x00000000d6863768,0x00000000d6880000)
 PSPermGen       total 30720K, used 21315K [0x00000000bae00000, 0x00000000bcc00000, 0x00000000c0000000)
  object space 30720K, 69% used [0x00000000bae00000,0x00000000bc2d0c58,0x00000000bcc00000)
Event: 95.377 GC heap after
Heap after GC invocations=40 (full 11):
 PSYoungGen      total 233472K, used 17643K [0x00000000eaa80000, 0x0000000100000000, 0x0000000100000000)
  eden space 117248K, 15% used [0x00000000eaa80000,0x00000000ebbbac30,0x00000000f1d00000)
  from space 116224K, 0% used [0x00000000f1d00000,0x00000000f1d00000,0x00000000f8e80000)
  to   space 116224K, 0% used [0x00000000f8e80000,0x00000000f8e80000,0x0000000100000000)
 ParOldGen       total 369152K, used 369050K [0x00000000c0000000, 0x00000000d6880000, 0x00000000eaa80000)
  object space 369152K, 99% used [0x00000000c0000000,0x00000000d6866b20,0x00000000d6880000)
 PSPermGen       total 29696K, used 21314K [0x00000000bae00000, 0x00000000bcb00000, 0x00000000c0000000)
  object space 29696K, 71% used [0x00000000bae00000,0x00000000bc2d0a38,0x00000000bcb00000)
}
Event: 96.837 GC heap before
{Heap before GC invocations=41 (full 12):
 PSYoungGen      total 233472K, used 117153K [0x00000000eaa80000, 0x0000000100000000, 0x0000000100000000)
  eden space 117248K, 99% used [0x00000000eaa80000,0x00000000f1ce8670,0x00000000f1d00000)
  from space 116224K, 0% used [0x00000000f1d00000,0x00000000f1d00000,0x00000000f8e80000)
  to   space 116224K, 0% used [0x00000000f8e80000,0x00000000f8e80000,0x0000000100000000)
 ParOldGen       total 369152K, used 369050K [0x00000000c0000000, 0x00000000d6880000, 0x00000000eaa80000)
  object space 369152K, 99% used [0x00000000c0000000,0x00000000d6866b20,0x00000000d6880000)
 PSPermGen       total 29696K, used 21333K [0x00000000bae00000, 0x00000000bcb00000, 0x00000000c0000000)
  object space 29696K, 71% used [0x00000000bae00000,0x00000000bc2d5618,0x00000000bcb00000)
Event: 98.504 GC heap after
Heap after GC invocations=41 (full 12):
 PSYoungGen      total 233472K, used 24446K [0x00000000eaa80000, 0x0000000100000000, 0x0000000100000000)
  eden space 117248K, 20% used [0x00000000eaa80000,0x00000000ec25f820,0x00000000f1d00000)
  from space 116224K, 0% used [0x00000000f1d00000,0x00000000f1d00000,0x00000000f8e80000)
  to   space 116224K, 0% used [0x00000000f8e80000,0x00000000f8e80000,0x0000000100000000)
 ParOldGen       total 369152K, used 368965K [0x00000000c0000000, 0x00000000d6880000, 0x00000000eaa80000)
  object space 369152K, 99% used [0x00000000c0000000,0x00000000d6851758,0x00000000d6880000)
 PSPermGen       total 28672K, used 21333K [0x00000000bae00000, 0x00000000bca00000, 0x00000000c0000000)
  object space 28672K, 74% used [0x00000000bae00000,0x00000000bc2d54f8,0x00000000bca00000)
}
Event: 101.054 GC heap before
{Heap before GC invocations=42 (full 13):
 PSYoungGen      total 233472K, used 117248K [0x00000000eaa80000, 0x0000000100000000, 0x0000000100000000)
  eden space 117248K, 100% used [0x00000000eaa80000,0x00000000f1d00000,0x00000000f1d00000)
  from space 116224K, 0% used [0x00000000f1d00000,0x00000000f1d00000,0x00000000f8e80000)
  to   space 116224K, 0% used [0x00000000f8e80000,0x00000000f8e80000,0x0000000100000000)
 ParOldGen       total 369152K, used 368965K [0x00000000c0000000, 0x00000000d6880000, 0x00000000eaa80000)
  object space 369152K, 99% used [0x00000000c0000000,0x00000000d6851758,0x00000000d6880000)
 PSPermGen       total 28672K, used 21455K [0x00000000bae00000, 0x00000000bca00000, 0x00000000c0000000)
  object space 28672K, 74% used [0x00000000bae00000,0x00000000bc2f3d38,0x00000000bca00000)
Event: 101.542 GC heap after
Heap after GC invocations=42 (full 13):
 PSYoungGen      total 233472K, used 0K [0x00000000eaa80000, 0x0000000100000000, 0x0000000100000000)
  eden space 117248K, 0% used [0x00000000eaa80000,0x00000000eaa80000,0x00000000f1d00000)
  from space 116224K, 0% used [0x00000000f1d00000,0x00000000f1d00000,0x00000000f8e80000)
  to   space 116224K, 0% used [0x00000000f8e80000,0x00000000f8e80000,0x0000000100000000)
 ParOldGen       total 369152K, used 68996K [0x00000000c0000000, 0x00000000d6880000, 0x00000000eaa80000)
  object space 369152K, 18% used [0x00000000c0000000,0x00000000c43610c0,0x00000000d6880000)
 PSPermGen       total 27648K, used 21455K [0x00000000bae00000, 0x00000000bc900000, 0x00000000c0000000)
  object space 27648K, 77% used [0x00000000bae00000,0x00000000bc2f3c78,0x00000000bc900000)
}
Event: 102.778 GC heap before
{Heap before GC invocations=43 (full 13):
 PSYoungGen      total 233472K, used 117248K [0x00000000eaa80000, 0x0000000100000000, 0x0000000100000000)
  eden space 117248K, 100% used [0x00000000eaa80000,0x00000000f1d00000,0x00000000f1d00000)
  from space 116224K, 0% used [0x00000000f1d00000,0x00000000f1d00000,0x00000000f8e80000)
  to   space 116224K, 0% used [0x00000000f8e80000,0x00000000f8e80000,0x0000000100000000)
 ParOldGen       total 369152K, used 68996K [0x00000000c0000000, 0x00000000d6880000, 0x00000000eaa80000)
  object space 369152K, 18% used [0x00000000c0000000,0x00000000c43610c0,0x00000000d6880000)
 PSPermGen       total 27648K, used 21992K [0x00000000bae00000, 0x00000000bc900000, 0x00000000c0000000)
  object space 27648K, 79% used [0x00000000bae00000,0x00000000bc37a100,0x00000000bc900000)
Event: 102.801 GC heap after
Heap after GC invocations=43 (full 13):
 PSYoungGen      total 233472K, used 5140K [0x00000000eaa80000, 0x0000000100000000, 0x0000000100000000)
  eden space 117248K, 0% used [0x00000000eaa80000,0x00000000eaa80000,0x00000000f1d00000)
  from space 116224K, 4% used [0x00000000f8e80000,0x00000000f9385120,0x0000000100000000)
  to   space 116224K, 0% used [0x00000000f1d00000,0x00000000f1d00000,0x00000000f8e80000)
 ParOldGen       total 369152K, used 68996K [0x00000000c0000000, 0x00000000d6880000, 0x00000000eaa80000)
  object space 369152K, 18% used [0x00000000c0000000,0x00000000c43610c0,0x00000000d6880000)
 PSPermGen       total 27648K, used 21992K [0x00000000bae00000, 0x00000000bc900000, 0x00000000c0000000)
  object space 27648K, 79% used [0x00000000bae00000,0x00000000bc37a100,0x00000000bc900000)
}
Event: 107.323 GC heap before
{Heap before GC invocations=44 (full 13):
 PSYoungGen      total 233472K, used 122388K [0x00000000eaa80000, 0x0000000100000000, 0x0000000100000000)
  eden space 117248K, 100% used [0x00000000eaa80000,0x00000000f1d00000,0x00000000f1d00000)
  from space 116224K, 4% used [0x00000000f8e80000,0x00000000f9385120,0x0000000100000000)
  to   space 116224K, 0% used [0x00000000f1d00000,0x00000000f1d00000,0x00000000f8e80000)
 ParOldGen       total 369152K, used 68996K [0x00000000c0000000, 0x00000000d6880000, 0x00000000eaa80000)
  object space 369152K, 18% used [0x00000000c0000000,0x00000000c43610c0,0x00000000d6880000)
 PSPermGen       total 27648K, used 22284K [0x00000000bae00000, 0x00000000bc900000, 0x00000000c0000000)
  object space 27648K, 80% used [0x00000000bae00000,0x00000000bc3c3298,0x00000000bc900000)
Event: 107.366 GC heap after
Heap after GC invocations=44 (full 13):
 PSYoungGen      total 233472K, used 46166K [0x00000000eaa80000, 0x0000000100000000, 0x0000000100000000)
  eden space 117248K, 0% used [0x00000000eaa80000,0x00000000eaa80000,0x00000000f1d00000)
  from space 116224K, 39% used [0x00000000f1d00000,0x00000000f4a15808,0x00000000f8e80000)
  to   space 116224K, 0% used [0x00000000f8e80000,0x00000000f8e80000,0x0000000100000000)
 ParOldGen       total 369152K, used 73308K [0x00000000c0000000, 0x00000000d6880000, 0x00000000eaa80000)
  object space 369152K, 19% used [0x00000000c0000000,0x00000000c4797100,0x00000000d6880000)
 PSPermGen       total 27648K, used 22284K [0x00000000bae00000, 0x00000000bc900000, 0x00000000c0000000)
  object space 27648K, 80% used [0x00000000bae00000,0x00000000bc3c3298,0x00000000bc900000)
}

